2016-09-13 11:36:46 INFO  [3360291] TreeFrog Framework version 1.12.0
2016-09-13 11:36:46 INFO  [3360291] Qt 5.7.0 / Mac OS X 10.10 Yosemite
2016-09-13 11:36:46 INFO  [3360291] TreeFrog application servers started up.
2016-09-13 11:37:17 WARN  [3360893] Reading a socket timed out after 10 seconds. Descriptor:18
2016-09-13 11:39:43 INFO  [3360291] TreeFrog application servers shutting down
2016-09-13 11:39:43 INFO  [3360291] TreeFrog application servers shutdown completed
2016-09-13 16:13:21 INFO  [3811529] TreeFrog Framework version 1.12.0
2016-09-13 16:13:21 INFO  [3811529] Qt 5.7.0 / Mac OS X 10.10 Yosemite
2016-09-13 16:13:21 INFO  [3811529] TreeFrog application servers started up.
2016-09-13 16:13:50 WARN  [3812093] Reading a socket timed out after 10 seconds. Descriptor:18
2016-09-13 16:23:04 INFO  [3811529] TreeFrog application servers shutting down
2016-09-13 16:23:04 INFO  [3811529] TreeFrog application servers shutdown completed
2016-09-13 16:23:07 INFO  [3828953] TreeFrog Framework version 1.12.0
2016-09-13 16:23:07 INFO  [3828953] Qt 5.7.0 / Mac OS X 10.10 Yosemite
2016-09-13 16:23:07 INFO  [3828953] TreeFrog application servers started up.
2016-09-13 16:23:11 INFO  [3828953] TreeFrog application servers shutting down
2016-09-13 16:23:12 INFO  [3828953] TreeFrog application servers shutdown completed
2016-09-13 16:23:14 INFO  [3829139] TreeFrog Framework version 1.12.0
2016-09-13 16:23:14 INFO  [3829139] Qt 5.7.0 / Mac OS X 10.10 Yosemite
2016-09-13 16:23:14 INFO  [3829139] TreeFrog application servers started up.
2016-09-13 16:23:37 WARN  [3829539] Reading a socket timed out after 10 seconds. Descriptor:16
2016-09-13 16:34:37 INFO  [3829139] TreeFrog application servers shutting down
2016-09-13 16:34:38 INFO  [3829139] TreeFrog application servers shutdown completed
2016-09-13 16:34:38 INFO  [3829139] Restarts TreeFrog application servers
2016-09-13 16:34:38 INFO  [3829139] TreeFrog Framework version 1.12.0
2016-09-13 16:34:38 INFO  [3829139] Qt 5.7.0 / Mac OS X 10.10 Yosemite
2016-09-13 16:34:38 INFO  [3829139] TreeFrog application servers started up.
2016-09-13 16:36:02 INFO  [3829139] TreeFrog application servers shutting down
2016-09-13 16:36:02 INFO  [3829139] TreeFrog application servers shutdown completed
2016-09-13 16:36:02 INFO  [3829139] Restarts TreeFrog application servers
2016-09-13 16:36:02 INFO  [3829139] TreeFrog Framework version 1.12.0
2016-09-13 16:36:02 INFO  [3829139] Qt 5.7.0 / Mac OS X 10.10 Yosemite
2016-09-13 16:36:02 INFO  [3829139] TreeFrog application servers started up.
2016-09-13 16:36:10 INFO  [3829139] TreeFrog application servers shutting down
2016-09-13 16:36:11 INFO  [3829139] TreeFrog application servers shutdown completed
2016-09-13 16:36:11 INFO  [3829139] Restarts TreeFrog application servers
2016-09-13 16:36:11 INFO  [3829139] TreeFrog Framework version 1.12.0
2016-09-13 16:36:11 INFO  [3829139] Qt 5.7.0 / Mac OS X 10.10 Yosemite
2016-09-13 16:36:11 INFO  [3829139] TreeFrog application servers started up.
